<?xml version="1.0" encoding="UTF-8"?>
<!-- Generated by org.testng.reporters.JUnitXMLReporter -->
<testsuite ignored="0" hostname="DESKTOP-35BV5SB" failures="0" tests="4" name="Default test" time="69.091" errors="0" timestamp="2024-08-06T18:44:05 IST">
  <testcase classname="MTG.MVTG.practice" name="Testcase1" time="16.405"/>
  <testcase classname="MTG.MVTG.practice" name="Testcase2" time="6.605"/>
  <testcase classname="MTG.MVTG.practice" name="Testcase3" time="18.533"/>
  <testcase classname="MTG.MVTG.practice" name="Testcase4" time="8.783"/>
</testsuite> <!-- Default test -->
