<?xml version="1.0" encoding="UTF-8"?>
<!-- Generated by org.testng.reporters.JUnitXMLReporter -->
<testsuite ignored="0" hostname="DESKTOP-35BV5SB" failures="0" tests="4" name="chrome Test" time="11.228" errors="0" timestamp="2024-08-06T18:03:35 IST">
  <testcase classname="MTG.MVTG.practice" name="Testcase1" time="2.765"/>
  <testcase classname="MTG.MVTG.practice" name="Testcase2" time="1.361"/>
  <testcase classname="MTG.MVTG.practice" name="Testcase3" time="3.568"/>
  <testcase classname="MTG.MVTG.practice" name="Testcase4" time="1.661"/>
</testsuite> <!-- chrome Test -->
