<?xml version="1.0" encoding="UTF-8"?>
<!-- Generated by org.testng.reporters.JUnitXMLReporter -->
<testsuite ignored="0" hostname="DESKTOP-35BV5SB" failures="0" tests="4" name="edge Test" time="14.29" errors="0" timestamp="2024-08-06T18:04:03 IST">
  <testcase classname="MTG.MVTG.practice" name="Testcase1" time="3.334"/>
  <testcase classname="MTG.MVTG.practice" name="Testcase2" time="1.611"/>
  <testcase classname="MTG.MVTG.practice" name="Testcase3" time="3.396"/>
  <testcase classname="MTG.MVTG.practice" name="Testcase4" time="1.482"/>
</testsuite> <!-- edge Test -->
