<?xml version="1.0" encoding="UTF-8"?>
<!-- Generated by org.testng.reporters.JUnitXMLReporter -->
<testsuite ignored="0" hostname="DESKTOP-35BV5SB" failures="0" tests="4" name="firefox Test" time="13.446" errors="0" timestamp="2024-08-06T18:03:49 IST">
  <testcase classname="MTG.MVTG.practice" name="Testcase1" time="3.962"/>
  <testcase classname="MTG.MVTG.practice" name="Testcase2" time="1.088"/>
  <testcase classname="MTG.MVTG.practice" name="Testcase3" time="2.926"/>
  <testcase classname="MTG.MVTG.practice" name="Testcase4" time="1.289"/>
</testsuite> <!-- firefox Test -->
