<?xml version="1.0" encoding="UTF-8"?>
<!-- Generated by org.testng.reporters.JUnitXMLReporter -->
<testsuite ignored="2" hostname="DESKTOP-35BV5SB" failures="0" tests="2" name="Test" time="5.601" errors="0" timestamp="2024-08-06T17:24:40 IST">
  <testcase classname="MTG.MVTG.practice" name="Testcase1" time="2.365"/>
  <testcase classname="MTG.MVTG.practice" name="Testcase2" time="1.421"/>
  <testcase classname="MTG.MVTG.practice" name="Testcase4" time="0.0">
    <ignored/>
  </testcase> <!-- Testcase4 -->
  <testcase classname="MTG.MVTG.practice" name="Testcase3" time="0.0">
    <ignored/>
  </testcase> <!-- Testcase3 -->
</testsuite> <!-- Test -->
