<?xml version="1.0" encoding="UTF-8"?>
<testng-results ignored="0" total="4" passed="4" failed="0" skipped="0">
  <reporter-output>
  </reporter-output>
  <suite started-at="2024-08-06T18:42:55 IST" name="Default suite" finished-at="2024-08-06T18:44:04 IST" duration-ms="69091">
    <groups>
      <group name="Functional">
        <method signature="practice.Testcase4()[pri:0, instance:MTG.MVTG.practice@1e0b4072]" name="Testcase4" class="MTG.MVTG.practice"/>
      </group> <!-- Functional -->
      <group name="somke">
        <method signature="practice.Testcase1()[pri:0, instance:MTG.MVTG.practice@1e0b4072]" name="Testcase1" class="MTG.MVTG.practice"/>
      </group> <!-- somke -->
      <group name="Regression">
        <method signature="practice.Testcase3()[pri:0, instance:MTG.MVTG.practice@1e0b4072]" name="Testcase3" class="MTG.MVTG.practice"/>
      </group> <!-- Regression -->
      <group name="smoke">
        <method signature="practice.Testcase2()[pri:0, instance:MTG.MVTG.practice@1e0b4072]" name="Testcase2" class="MTG.MVTG.practice"/>
      </group> <!-- smoke -->
    </groups>
    <test started-at="2024-08-06T18:42:55 IST" name="Default test" finished-at="2024-08-06T18:44:04 IST" duration-ms="69091">
      <class name="MTG.MVTG.practice">
        <test-method is-config="true" signature="beforeclass()[pri:0, instance:MTG.MVTG.practice@1e0b4072]" started-at="2024-08-06T18:42:56 IST" name="beforeclass" finished-at="2024-08-06T18:43:12 IST" duration-ms="16820" status="PASS">
          <reporter-output>
          </reporter-output>
        </test-method> <!-- beforeclass -->
        <test-method signature="Testcase1()[pri:0, instance:MTG.MVTG.practice@1e0b4072]" started-at="2024-08-06T18:43:12 IST" name="Testcase1" finished-at="2024-08-06T18:43:29 IST" duration-ms="16405" status="PASS">
          <reporter-output>
          </reporter-output>
        </test-method> <!-- Testcase1 -->
        <test-method signature="Testcase2()[pri:0, instance:MTG.MVTG.practice@1e0b4072]" started-at="2024-08-06T18:43:29 IST" name="Testcase2" finished-at="2024-08-06T18:43:35 IST" duration-ms="6605" status="PASS">
          <reporter-output>
          </reporter-output>
        </test-method> <!-- Testcase2 -->
        <test-method signature="Testcase3()[pri:0, instance:MTG.MVTG.practice@1e0b4072]" started-at="2024-08-06T18:43:36 IST" name="Testcase3" finished-at="2024-08-06T18:43:54 IST" duration-ms="18533" status="PASS">
          <reporter-output>
          </reporter-output>
        </test-method> <!-- Testcase3 -->
        <test-method signature="Testcase4()[pri:0, instance:MTG.MVTG.practice@1e0b4072]" started-at="2024-08-06T18:43:54 IST" name="Testcase4" finished-at="2024-08-06T18:44:03 IST" duration-ms="8783" status="PASS">
          <reporter-output>
          </reporter-output>
        </test-method> <!-- Testcase4 -->
        <test-method is-config="true" signature="afterClass()[pri:0, instance:MTG.MVTG.practice@1e0b4072]" started-at="2024-08-06T18:44:03 IST" name="afterClass" finished-at="2024-08-06T18:44:04 IST" duration-ms="1629" status="PASS">
          <reporter-output>
          </reporter-output>
        </test-method> <!-- afterClass -->
      </class> <!-- MTG.MVTG.practice -->
    </test> <!-- Default test -->
  </suite> <!-- Default suite -->
</testng-results>
